<?xml version="1.0" encoding="UTF-8"?>
<!-- Generated by org.testng.reporters.JUnitXMLReporter -->
<testsuite ignored="0" hostname="DESKTOP-622EL1K" failures="0" tests="5" name="Suite" time="39.72" errors="0" timestamp="2021-02-02T08:32:51 CST">
  <testcase classname="AutomationPractice.AddItem" name="AddToCart" time="1.553"/>
  <testcase classname="AutomationPractice.RemoveItem" name="f" time="10.102"/>
  <testcase classname="AutomationPractice.SearchItem" name="f" time="1.252"/>
  <testcase classname="AutomationPractice.SearchItemFalse" name="f" time="1.217"/>
  <testcase classname="AutomationPractice.StoreInformation" name="f" time="0.084"/>
</testsuite> <!-- Suite -->
