<?xml version="1.0" encoding="UTF-8"?>
<testng-results ignored="0" total="1" passed="1" failed="0" skipped="0">
  <reporter-output>
  </reporter-output>
  <suite started-at="2021-01-21T17:03:42 CST" name="Default suite" finished-at="2021-01-21T17:03:48 CST" duration-ms="5941">
    <groups>
    </groups>
    <test started-at="2021-01-21T17:03:42 CST" name="Default test" finished-at="2021-01-21T17:03:48 CST" duration-ms="5941">
      <class name="AutomationPractice.AddItem">
        <test-method is-config="true" signature="setup()[pri:0, instance:AutomationPractice.AddItem@55f616cf]" started-at="2021-01-21T17:03:42 CST" name="setup" finished-at="2021-01-21T17:03:48 CST" duration-ms="5880" status="PASS">
          <reporter-output>
          </reporter-output>
        </test-method> <!-- setup -->
        <test-method signature="f()[pri:0, instance:AutomationPractice.AddItem@55f616cf]" started-at="2021-01-21T17:03:48 CST" name="f" finished-at="2021-01-21T17:03:48 CST" duration-ms="10" status="PASS">
          <reporter-output>
          </reporter-output>
        </test-method> <!-- f -->
        <test-method is-config="true" signature="afterTest()[pri:0, instance:AutomationPractice.AddItem@55f616cf]" started-at="2021-01-21T17:03:48 CST" name="afterTest" finished-at="2021-01-21T17:03:48 CST" duration-ms="0" status="PASS">
          <reporter-output>
          </reporter-output>
        </test-method> <!-- afterTest -->
      </class> <!-- AutomationPractice.AddItem -->
    </test> <!-- Default test -->
  </suite> <!-- Default suite -->
</testng-results>
