<?xml version="1.0" encoding="UTF-8"?>
<testng-results ignored="0" total="1" passed="1" failed="0" skipped="0">
  <reporter-output>
  </reporter-output>
  <suite started-at="2021-01-29T01:45:28 CST" name="Default suite" finished-at="2021-01-29T01:45:36 CST" duration-ms="8179">
    <groups>
    </groups>
    <test started-at="2021-01-29T01:45:28 CST" name="Default test" finished-at="2021-01-29T01:45:36 CST" duration-ms="8179">
      <class name="AutomationPractice.storeInformation">
        <test-method is-config="true" signature="beforeTest()[pri:0, instance:AutomationPractice.storeInformation@6497b078]" started-at="2021-01-29T01:45:28 CST" name="beforeTest" finished-at="2021-01-29T01:45:36 CST" duration-ms="7989" status="PASS">
          <reporter-output>
          </reporter-output>
        </test-method> <!-- beforeTest -->
        <test-method signature="f()[pri:0, instance:AutomationPractice.storeInformation@6497b078]" started-at="2021-01-29T01:45:36 CST" name="f" finished-at="2021-01-29T01:45:36 CST" duration-ms="107" status="PASS">
          <reporter-output>
          </reporter-output>
        </test-method> <!-- f -->
        <test-method is-config="true" signature="afterTest()[pri:0, instance:AutomationPractice.storeInformation@6497b078]" started-at="2021-01-29T01:45:36 CST" name="afterTest" finished-at="2021-01-29T01:45:36 CST" duration-ms="56" status="PASS">
          <reporter-output>
          </reporter-output>
        </test-method> <!-- afterTest -->
      </class> <!-- AutomationPractice.storeInformation -->
    </test> <!-- Default test -->
  </suite> <!-- Default suite -->
</testng-results>
